
  A new version of Streamlit is available.

  See what's new at https://discuss.streamlit.io/c/announcements

  Enter the following command to upgrade:
  $ pip install streamlit --upgrade


  You can now view your Streamlit app in your browser.

  Network URL: http://172.31.43.169:8501
  External URL: http://54.191.230.228:8501

2020-10-29 19:50:08.896 POST Request: https://api.twilio.com/2010-04-01/Accounts/ACf21f4d3d15113fbfb296d794f7ae7a08/Messages.json
2020-10-29 19:50:08.899 PAYLOAD: {'To': '+19199498424', 'From': '+12052735082', 'Body': 'alert'}
2020-10-29 19:50:09.309 POST Response: 201 {"sid": "SM9ecf22ea0cdb4bc580af53ed184589ab", "date_created": "Thu, 29 Oct 2020 19:50:09 +0000", "date_updated": "Thu, 29 Oct 2020 19:50:09 +0000", "date_sent": null, "account_sid": "ACf21f4d3d15113fbfb296d794f7ae7a08", "to": "+19199498424", "from": "+12052735082", "messaging_service_sid": null, "body": "Sent from your Twilio trial account - alert", "status": "queued", "num_segments": "1", "num_media": "0", "direction": "outbound-api", "api_version": "2010-04-01", "price": null, "price_unit": "USD", "error_code": null, "error_message": null, "uri": "/2010-04-01/Accounts/ACf21f4d3d15113fbfb296d794f7ae7a08/Messages/SM9ecf22ea0cdb4bc580af53ed184589ab.json", "subresource_uris": {"media": "/2010-04-01/Accounts/ACf21f4d3d15113fbfb296d794f7ae7a08/Messages/SM9ecf22ea0cdb4bc580af53ed184589ab/Media.json"}}
2020-10-29 20:31:26.371 POST Request: https://api.twilio.com/2010-04-01/Accounts/ACf21f4d3d15113fbfb296d794f7ae7a08/Messages.json
2020-10-29 20:31:26.371 PAYLOAD: {'To': '+19199498424', 'From': '+12052735082', 'Body': 'alert'}
2020-10-29 20:31:26.826 POST Response: 201 {"sid": "SMca994845de7b44e58f4acd4f33a73440", "date_created": "Thu, 29 Oct 2020 20:31:26 +0000", "date_updated": "Thu, 29 Oct 2020 20:31:26 +0000", "date_sent": null, "account_sid": "ACf21f4d3d15113fbfb296d794f7ae7a08", "to": "+19199498424", "from": "+12052735082", "messaging_service_sid": null, "body": "Sent from your Twilio trial account - alert", "status": "queued", "num_segments": "1", "num_media": "0", "direction": "outbound-api", "api_version": "2010-04-01", "price": null, "price_unit": "USD", "error_code": null, "error_message": null, "uri": "/2010-04-01/Accounts/ACf21f4d3d15113fbfb296d794f7ae7a08/Messages/SMca994845de7b44e58f4acd4f33a73440.json", "subresource_uris": {"media": "/2010-04-01/Accounts/ACf21f4d3d15113fbfb296d794f7ae7a08/Messages/SMca994845de7b44e58f4acd4f33a73440/Media.json"}}
2020-10-29 21:36:16.978 POST Request: https://api.twilio.com/2010-04-01/Accounts/ACf21f4d3d15113fbfb296d794f7ae7a08/Messages.json
2020-10-29 21:36:16.978 PAYLOAD: {'To': '+19199498424', 'From': '+12052735082', 'Body': 'alert'}
2020-10-29 21:36:17.458 POST Response: 201 {"sid": "SM987516ce1c70459a9032767459ced0e7", "date_created": "Thu, 29 Oct 2020 21:36:17 +0000", "date_updated": "Thu, 29 Oct 2020 21:36:17 +0000", "date_sent": null, "account_sid": "ACf21f4d3d15113fbfb296d794f7ae7a08", "to": "+19199498424", "from": "+12052735082", "messaging_service_sid": null, "body": "Sent from your Twilio trial account - alert", "status": "queued", "num_segments": "1", "num_media": "0", "direction": "outbound-api", "api_version": "2010-04-01", "price": null, "price_unit": "USD", "error_code": null, "error_message": null, "uri": "/2010-04-01/Accounts/ACf21f4d3d15113fbfb296d794f7ae7a08/Messages/SM987516ce1c70459a9032767459ced0e7.json", "subresource_uris": {"media": "/2010-04-01/Accounts/ACf21f4d3d15113fbfb296d794f7ae7a08/Messages/SM987516ce1c70459a9032767459ced0e7/Media.json"}}
2020-10-30 00:03:38.751 POST Request: https://api.twilio.com/2010-04-01/Accounts/ACf21f4d3d15113fbfb296d794f7ae7a08/Messages.json
2020-10-30 00:03:38.751 PAYLOAD: {'To': '+19199498424', 'From': '+12052735082', 'Body': 'alert'}
2020-10-30 00:03:39.199 POST Response: 201 {"sid": "SMbed6d9bbd03c4dd9b023af56176936a1", "date_created": "Fri, 30 Oct 2020 00:03:39 +0000", "date_updated": "Fri, 30 Oct 2020 00:03:39 +0000", "date_sent": null, "account_sid": "ACf21f4d3d15113fbfb296d794f7ae7a08", "to": "+19199498424", "from": "+12052735082", "messaging_service_sid": null, "body": "Sent from your Twilio trial account - alert", "status": "queued", "num_segments": "1", "num_media": "0", "direction": "outbound-api", "api_version": "2010-04-01", "price": null, "price_unit": "USD", "error_code": null, "error_message": null, "uri": "/2010-04-01/Accounts/ACf21f4d3d15113fbfb296d794f7ae7a08/Messages/SMbed6d9bbd03c4dd9b023af56176936a1.json", "subresource_uris": {"media": "/2010-04-01/Accounts/ACf21f4d3d15113fbfb296d794f7ae7a08/Messages/SMbed6d9bbd03c4dd9b023af56176936a1/Media.json"}}
2020-10-30 01:52:10.452 POST Request: https://api.twilio.com/2010-04-01/Accounts/ACf21f4d3d15113fbfb296d794f7ae7a08/Messages.json
2020-10-30 01:52:10.453 PAYLOAD: {'To': '+19199498424', 'From': '+12052735082', 'Body': 'alert'}
2020-10-30 01:52:10.845 POST Response: 201 {"sid": "SMad46c4b22e164421942ab6c3ebba41b5", "date_created": "Fri, 30 Oct 2020 01:52:10 +0000", "date_updated": "Fri, 30 Oct 2020 01:52:10 +0000", "date_sent": null, "account_sid": "ACf21f4d3d15113fbfb296d794f7ae7a08", "to": "+19199498424", "from": "+12052735082", "messaging_service_sid": null, "body": "Sent from your Twilio trial account - alert", "status": "queued", "num_segments": "1", "num_media": "0", "direction": "outbound-api", "api_version": "2010-04-01", "price": null, "price_unit": "USD", "error_code": null, "error_message": null, "uri": "/2010-04-01/Accounts/ACf21f4d3d15113fbfb296d794f7ae7a08/Messages/SMad46c4b22e164421942ab6c3ebba41b5.json", "subresource_uris": {"media": "/2010-04-01/Accounts/ACf21f4d3d15113fbfb296d794f7ae7a08/Messages/SMad46c4b22e164421942ab6c3ebba41b5/Media.json"}}
2020-10-30 17:50:32.770 POST Request: https://api.twilio.com/2010-04-01/Accounts/ACf21f4d3d15113fbfb296d794f7ae7a08/Messages.json
2020-10-30 17:50:32.771 PAYLOAD: {'To': '+19199498424', 'From': '+12052735082', 'Body': 'alert'}
2020-10-30 17:50:33.188 POST Response: 201 {"sid": "SM64748157d3ad48048f94273da6d7c567", "date_created": "Fri, 30 Oct 2020 17:50:33 +0000", "date_updated": "Fri, 30 Oct 2020 17:50:33 +0000", "date_sent": null, "account_sid": "ACf21f4d3d15113fbfb296d794f7ae7a08", "to": "+19199498424", "from": "+12052735082", "messaging_service_sid": null, "body": "Sent from your Twilio trial account - alert", "status": "queued", "num_segments": "1", "num_media": "0", "direction": "outbound-api", "api_version": "2010-04-01", "price": null, "price_unit": "USD", "error_code": null, "error_message": null, "uri": "/2010-04-01/Accounts/ACf21f4d3d15113fbfb296d794f7ae7a08/Messages/SM64748157d3ad48048f94273da6d7c567.json", "subresource_uris": {"media": "/2010-04-01/Accounts/ACf21f4d3d15113fbfb296d794f7ae7a08/Messages/SM64748157d3ad48048f94273da6d7c567/Media.json"}}
2020-10-30 18:17:57.965 POST Request: https://api.twilio.com/2010-04-01/Accounts/ACf21f4d3d15113fbfb296d794f7ae7a08/Messages.json
2020-10-30 18:17:57.965 PAYLOAD: {'To': '+19199498424', 'From': '+12052735082', 'Body': 'alert'}
2020-10-30 18:17:58.413 POST Response: 201 {"sid": "SM08421fc3407c40afaf50bf5ee70123b1", "date_created": "Fri, 30 Oct 2020 18:17:58 +0000", "date_updated": "Fri, 30 Oct 2020 18:17:58 +0000", "date_sent": null, "account_sid": "ACf21f4d3d15113fbfb296d794f7ae7a08", "to": "+19199498424", "from": "+12052735082", "messaging_service_sid": null, "body": "Sent from your Twilio trial account - alert", "status": "queued", "num_segments": "1", "num_media": "0", "direction": "outbound-api", "api_version": "2010-04-01", "price": null, "price_unit": "USD", "error_code": null, "error_message": null, "uri": "/2010-04-01/Accounts/ACf21f4d3d15113fbfb296d794f7ae7a08/Messages/SM08421fc3407c40afaf50bf5ee70123b1.json", "subresource_uris": {"media": "/2010-04-01/Accounts/ACf21f4d3d15113fbfb296d794f7ae7a08/Messages/SM08421fc3407c40afaf50bf5ee70123b1/Media.json"}}
2020-12-08 20:54:17.836 POST Request: https://api.twilio.com/2010-04-01/Accounts/ACf21f4d3d15113fbfb296d794f7ae7a08/Messages.json
2020-12-08 20:54:17.839 PAYLOAD: {'To': '+19199498424', 'From': '+12052735082', 'Body': 'alert'}
2020-12-08 20:54:18.306 POST Response: 201 {"sid": "SM434e28fa82584e2295a8526b13025fcd", "date_created": "Tue, 08 Dec 2020 20:54:18 +0000", "date_updated": "Tue, 08 Dec 2020 20:54:18 +0000", "date_sent": null, "account_sid": "ACf21f4d3d15113fbfb296d794f7ae7a08", "to": "+19199498424", "from": "+12052735082", "messaging_service_sid": null, "body": "Sent from your Twilio trial account - alert", "status": "queued", "num_segments": "1", "num_media": "0", "direction": "outbound-api", "api_version": "2010-04-01", "price": null, "price_unit": "USD", "error_code": null, "error_message": null, "uri": "/2010-04-01/Accounts/ACf21f4d3d15113fbfb296d794f7ae7a08/Messages/SM434e28fa82584e2295a8526b13025fcd.json", "subresource_uris": {"media": "/2010-04-01/Accounts/ACf21f4d3d15113fbfb296d794f7ae7a08/Messages/SM434e28fa82584e2295a8526b13025fcd/Media.json"}}
